<?xml version="1.0" encoding="UTF-8" ?>
<testsuite failures="0" time="0.092" errors="0" skipped="0" tests="128" name="org.acmsl.queryj.metadata.engines.JdbcTypeManagerTest">
  <properties>
    <property name="java.runtime.name" value="Java(TM) SE Runtime Environment"/>
    <property name="sun.boot.library.path" value="/opt/oracle-jdk-bin-1.7.0.51/jre/lib/amd64"/>
    <property name="java.vm.version" value="24.51-b03"/>
    <property name="java.vm.vendor" value="Oracle Corporation"/>
    <property name="java.vendor.url" value="http://java.oracle.com/"/>
    <property name="path.separator" value=":"/>
    <property name="guice.disable.misplaced.annotation.check" value="true"/>
    <property name="java.vm.name" value="Java HotSpot(TM) 64-Bit Server VM"/>
    <property name="file.encoding.pkg" value="sun.io"/>
    <property name="user.country" value="US"/>
    <property name="sun.java.launcher" value="SUN_STANDARD"/>
    <property name="sun.os.patch.level" value="unknown"/>
    <property name="java.vm.specification.name" value="Java Virtual Machine Specification"/>
    <property name="user.dir" value="/home/chous/github/queryj/queryj-core"/>
    <property name="java.runtime.version" value="1.7.0_51-b13"/>
    <property name="java.awt.graphicsenv" value="sun.awt.X11GraphicsEnvironment"/>
    <property name="java.endorsed.dirs" value="/opt/oracle-jdk-bin-1.7.0.51/jre/lib/endorsed"/>
    <property name="os.arch" value="amd64"/>
    <property name="java.io.tmpdir" value="/tmp"/>
    <property name="line.separator" value="
"/>
    <property name="java.vm.specification.vendor" value="Oracle Corporation"/>
    <property name="os.name" value="Linux"/>
    <property name="classworlds.conf" value="/usr/share/maven-bin-3.0/bin/m2.conf"/>
    <property name="log4j.configuration" value="file:///home/chous/.m2/log4j.xml"/>
    <property name="sun.jnu.encoding" value="UTF-8"/>
    <property name="java.library.path" value=":/lib::/usr/java/usfjprof/lib:/include:/usr/local/libexec/GNUsTicker:/lib::/usr/java/usfjprof/lib:/include:/usr/local/libexec/GNUsTicker:/usr/local/lib:/usr/java/packages/lib/amd64:/usr/lib64:/lib64:/lib:/usr/lib"/>
    <property name="java.specification.name" value="Java Platform API Specification"/>
    <property name="java.class.version" value="51.0"/>
    <property name="sun.management.compiler" value="HotSpot 64-Bit Tiered Compilers"/>
    <property name="os.version" value="3.13.2-gentoo"/>
    <property name="user.home" value="/home/chous"/>
    <property name="user.timezone" value="GMT+01:00"/>
    <property name="java.awt.printerjob" value="sun.print.PSPrinterJob"/>
    <property name="file.encoding" value="UTF-8"/>
    <property name="java.specification.version" value="1.7"/>
    <property name="user.name" value="chous"/>
    <property name="java.class.path" value="/usr/share/maven-bin-3.0/boot/plexus-classworlds-2.4.jar"/>
    <property name="java.vm.specification.version" value="1.7"/>
    <property name="sun.arch.data.model" value="64"/>
    <property name="java.home" value="/opt/oracle-jdk-bin-1.7.0.51/jre"/>
    <property name="sun.java.command" value="org.codehaus.plexus.classworlds.launcher.Launcher -Dlog4j.configuration=file:///home/chous/.m2/log4j.xml install"/>
    <property name="java.specification.vendor" value="Oracle Corporation"/>
    <property name="user.language" value="en"/>
    <property name="awt.toolkit" value="sun.awt.X11.XToolkit"/>
    <property name="java.vm.info" value="mixed mode"/>
    <property name="java.version" value="1.7.0_51"/>
    <property name="java.ext.dirs" value="/opt/oracle-jdk-bin-1.7.0.51/jre/lib/ext:/usr/java/packages/lib/ext"/>
    <property name="securerandom.source" value="file:/dev/./urandom"/>
    <property name="sun.boot.class.path" value="/opt/oracle-jdk-bin-1.7.0.51/jre/lib/resources.jar:/opt/oracle-jdk-bin-1.7.0.51/jre/lib/rt.jar:/opt/oracle-jdk-bin-1.7.0.51/jre/lib/sunrsasign.jar:/opt/oracle-jdk-bin-1.7.0.51/jre/lib/jsse.jar:/opt/oracle-jdk-bin-1.7.0.51/jre/lib/jce.jar:/opt/oracle-jdk-bin-1.7.0.51/jre/lib/charsets.jar:/opt/oracle-jdk-bin-1.7.0.51/jre/lib/jfr.jar:/opt/oracle-jdk-bin-1.7.0.51/jre/classes"/>
    <property name="java.vendor" value="Oracle Corporation"/>
    <property name="maven.home" value="/usr/share/maven-bin-3.0"/>
    <property name="file.separator" value="/"/>
    <property name="java.vendor.url.bug" value="http://bugreport.sun.com/bugreport/"/>
    <property name="sun.cpu.endian" value="little"/>
    <property name="sun.io.unicode.encoding" value="UnicodeLittle"/>
    <property name="sun.cpu.isalist" value=""/>
  </properties>
  <testcase time="0.024" classname="org.acmsl.queryj.metadata.engines.JdbcTypeManagerTest" name="get_class_for_Long_works"/>
  <testcase time="0.001" classname="org.acmsl.queryj.metadata.engines.JdbcTypeManagerTest" name="get_class_for_NClob_works"/>
  <testcase time="0" classname="org.acmsl.queryj.metadata.engines.JdbcTypeManagerTest" name="get_class_for_int_works"/>
  <testcase time="0.001" classname="org.acmsl.queryj.metadata.engines.JdbcTypeManagerTest" name="preparedStatementSetterWorksForBit"/>
  <testcase time="0.016" classname="org.acmsl.queryj.metadata.engines.JdbcTypeManagerTest" name="preparedStatementSetterWorksForRef"/>
  <testcase time="0" classname="org.acmsl.queryj.metadata.engines.JdbcTypeManagerTest" name="convertsJdbcNclobCorrectly"/>
  <testcase time="0" classname="org.acmsl.queryj.metadata.engines.JdbcTypeManagerTest" name="boolean_can_be_used_for_numeric_columns"/>
  <testcase time="0.008" classname="org.acmsl.queryj.metadata.engines.JdbcTypeManagerTest" name="setLongInPreparedStatementViaReflectionWorks"/>
  <testcase time="0" classname="org.acmsl.queryj.metadata.engines.JdbcTypeManagerTest" name="convertsJdbcNcharCorrectly"/>
  <testcase time="0.01" classname="org.acmsl.queryj.metadata.engines.JdbcTypeManagerTest" name="get_class_for_Clob_works"/>
  <testcase time="0" classname="org.acmsl.queryj.metadata.engines.JdbcTypeManagerTest" name="bigint_can_be_used_for_numeric_columns"/>
  <testcase time="0" classname="org.acmsl.queryj.metadata.engines.JdbcTypeManagerTest" name="preparedStatementSetterWorksForVarbinary"/>
  <testcase time="0" classname="org.acmsl.queryj.metadata.engines.JdbcTypeManagerTest" name="integer_can_be_used_for_numeric_columns"/>
  <testcase time="0.001" classname="org.acmsl.queryj.metadata.engines.JdbcTypeManagerTest" name="get_class_for_Struct_works"/>
  <testcase time="0" classname="org.acmsl.queryj.metadata.engines.JdbcTypeManagerTest" name="convertsJdbcOtherCorrectly"/>
  <testcase time="0" classname="org.acmsl.queryj.metadata.engines.JdbcTypeManagerTest" name="convertsJdbcDataLinkCorrectly"/>
  <testcase time="0" classname="org.acmsl.queryj.metadata.engines.JdbcTypeManagerTest" name="preparedStatementSetterWorksForDecimal"/>
  <testcase time="0" classname="org.acmsl.queryj.metadata.engines.JdbcTypeManagerTest" name="get_class_for_double_works"/>
  <testcase time="0.001" classname="org.acmsl.queryj.metadata.engines.JdbcTypeManagerTest" name="get_class_for_Blob_works"/>
  <testcase time="0" classname="org.acmsl.queryj.metadata.engines.JdbcTypeManagerTest" name="preparedStatementSetterWorksForBlob"/>
  <testcase time="0" classname="org.acmsl.queryj.metadata.engines.JdbcTypeManagerTest" name="preparedStatementSetterWorksForChar"/>
  <testcase time="0.001" classname="org.acmsl.queryj.metadata.engines.JdbcTypeManagerTest" name="preparedStatementSetterWorksForClob"/>
  <testcase time="0" classname="org.acmsl.queryj.metadata.engines.JdbcTypeManagerTest" name="preparedStatementSetterWorksForDate"/>
  <testcase time="0" classname="org.acmsl.queryj.metadata.engines.JdbcTypeManagerTest" name="preparedStatementSetterWorksForReal"/>
  <testcase time="0" classname="org.acmsl.queryj.metadata.engines.JdbcTypeManagerTest" name="preparedStatementSetterWorksForTime"/>
  <testcase time="0.001" classname="org.acmsl.queryj.metadata.engines.JdbcTypeManagerTest" name="get_class_for_Integer_works"/>
  <testcase time="0" classname="org.acmsl.queryj.metadata.engines.JdbcTypeManagerTest" name="real_can_be_used_for_numeric_columns"/>
  <testcase time="0.001" classname="org.acmsl.queryj.metadata.engines.JdbcTypeManagerTest" name="get_class_for_sqlDate_works"/>
  <testcase time="0" classname="org.acmsl.queryj.metadata.engines.JdbcTypeManagerTest" name="convertsJdbcVarbinaryCorrectly"/>
  <testcase time="0.001" classname="org.acmsl.queryj.metadata.engines.JdbcTypeManagerTest" name="get_class_for_Double_works"/>
  <testcase time="0" classname="org.acmsl.queryj.metadata.engines.JdbcTypeManagerTest" name="preparedStatementSetterWorksForTimestamp"/>
  <testcase time="0.002" classname="org.acmsl.queryj.metadata.engines.JdbcTypeManagerTest" name="get_class_for_DATE_works"/>
  <testcase time="0" classname="org.acmsl.queryj.metadata.engines.JdbcTypeManagerTest" name="float_can_be_used_for_numeric_columns"/>
  <testcase time="0.001" classname="org.acmsl.queryj.metadata.engines.JdbcTypeManagerTest" name="get_class_for_Ref_works"/>
  <testcase time="0" classname="org.acmsl.queryj.metadata.engines.JdbcTypeManagerTest" name="get_class_for_byte_array_works"/>
  <testcase time="0" classname="org.acmsl.queryj.metadata.engines.JdbcTypeManagerTest" name="convertsJdbcVarcharCorrectly"/>
  <testcase time="0" classname="org.acmsl.queryj.metadata.engines.JdbcTypeManagerTest" name="setBooleanInPreparedStatementViaReflectionWorks"/>
  <testcase time="0" classname="org.acmsl.queryj.metadata.engines.JdbcTypeManagerTest" name="preparedStatementSetterWorksForInteger"/>
  <testcase time="0" classname="org.acmsl.queryj.metadata.engines.JdbcTypeManagerTest" name="convertsJdbcIntegerCorrectly"/>
  <testcase time="0" classname="org.acmsl.queryj.metadata.engines.JdbcTypeManagerTest" name="preparedStatementSetterWorksForJavaObject"/>
  <testcase time="0" classname="org.acmsl.queryj.metadata.engines.JdbcTypeManagerTest" name="convertsJdbcNumericCorrectly"/>
  <testcase time="0" classname="org.acmsl.queryj.metadata.engines.JdbcTypeManagerTest" name="get_class_for_Float_works"/>
  <testcase time="0" classname="org.acmsl.queryj.metadata.engines.JdbcTypeManagerTest" name="preparedStatementSetterWorksForNumeric"/>
  <testcase time="0.001" classname="org.acmsl.queryj.metadata.engines.JdbcTypeManagerTest" name="get_class_for_Byte_works"/>
  <testcase time="0" classname="org.acmsl.queryj.metadata.engines.JdbcTypeManagerTest" name="convertsJdbcBooleanCorrectly"/>
  <testcase time="0" classname="org.acmsl.queryj.metadata.engines.JdbcTypeManagerTest" name="preparedStatementSetterWorksForArray"/>
  <testcase time="0" classname="org.acmsl.queryj.metadata.engines.JdbcTypeManagerTest" name="preparedStatementSetterWorksForFloat"/>
  <testcase time="0" classname="org.acmsl.queryj.metadata.engines.JdbcTypeManagerTest" name="preparedStatementSetterWorksForNchar"/>
  <testcase time="0" classname="org.acmsl.queryj.metadata.engines.JdbcTypeManagerTest" name="preparedStatementSetterWorksForNclob"/>
  <testcase time="0" classname="org.acmsl.queryj.metadata.engines.JdbcTypeManagerTest" name="preparedStatementSetterWorksForOther"/>
  <testcase time="0" classname="org.acmsl.queryj.metadata.engines.JdbcTypeManagerTest" name="preparedStatementSetterWorksForRowid"/>
  <testcase time="0" classname="org.acmsl.queryj.metadata.engines.JdbcTypeManagerTest" name="get_class_int_for_String_works"/>
  <testcase time="0.002" classname="org.acmsl.queryj.metadata.engines.JdbcTypeManagerTest" name="get_class_for_BigDecimal_works"/>
  <testcase time="0.002" classname="org.acmsl.queryj.metadata.engines.JdbcTypeManagerTest" name="setArrayInPreparedStatementViaReflectionWorks"/>
  <testcase time="0.001" classname="org.acmsl.queryj.metadata.engines.JdbcTypeManagerTest" name="get_class_for_Time_works"/>
  <testcase time="0" classname="org.acmsl.queryj.metadata.engines.JdbcTypeManagerTest" name="convertsJdbcStructCorrectly"/>
  <testcase time="0" classname="org.acmsl.queryj.metadata.engines.JdbcTypeManagerTest" name="tinyint_can_be_used_for_numeric_columns"/>
  <testcase time="0" classname="org.acmsl.queryj.metadata.engines.JdbcTypeManagerTest" name="preparedStatementSetterWorksForBigInt"/>
  <testcase time="0" classname="org.acmsl.queryj.metadata.engines.JdbcTypeManagerTest" name="preparedStatementSetterWorksForBinary"/>
  <testcase time="0" classname="org.acmsl.queryj.metadata.engines.JdbcTypeManagerTest" name="preparedStatementSetterWorksForDataLink"/>
  <testcase time="0" classname="org.acmsl.queryj.metadata.engines.JdbcTypeManagerTest" name="is_primitive_wrapper_works_for_longs"/>
  <testcase time="0" classname="org.acmsl.queryj.metadata.engines.JdbcTypeManagerTest" name="preparedStatementSetterWorksForDouble"/>
  <testcase time="0.002" classname="org.acmsl.queryj.metadata.engines.JdbcTypeManagerTest" name="setBlobInPreparedStatementViaReflectionWorks"/>
  <testcase time="0" classname="org.acmsl.queryj.metadata.engines.JdbcTypeManagerTest" name="convertsJdbcSqlxmlCorrectly"/>
  <testcase time="0" classname="org.acmsl.queryj.metadata.engines.JdbcTypeManagerTest" name="convertsJdbcLongvarbinaryCorrectly"/>
  <testcase time="0" classname="org.acmsl.queryj.metadata.engines.JdbcTypeManagerTest" name="preparedStatementSetterWorksForTinyint"/>
  <testcase time="0" classname="org.acmsl.queryj.metadata.engines.JdbcTypeManagerTest" name="types_compatible_with_char_columns"/>
  <testcase time="0" classname="org.acmsl.queryj.metadata.engines.JdbcTypeManagerTest" name="get_class_for_SQLXML_works"/>
  <testcase time="0" classname="org.acmsl.queryj.metadata.engines.JdbcTypeManagerTest" name="convertsJdbcFloatCorrectly"/>
  <testcase time="0" classname="org.acmsl.queryj.metadata.engines.JdbcTypeManagerTest" name="convertsJdbcClobCorrectly"/>
  <testcase time="0" classname="org.acmsl.queryj.metadata.engines.JdbcTypeManagerTest" name="preparedStatementSetterWorksForSqlxml"/>
  <testcase time="0" classname="org.acmsl.queryj.metadata.engines.JdbcTypeManagerTest" name="preparedStatementSetterWorksForStruct"/>
  <testcase time="0" classname="org.acmsl.queryj.metadata.engines.JdbcTypeManagerTest" name="convertsJdbcRowidCorrectly"/>
  <testcase time="0.001" classname="org.acmsl.queryj.metadata.engines.JdbcTypeManagerTest" name="convertsJdbcCharCorrectly"/>
  <testcase time="0" classname="org.acmsl.queryj.metadata.engines.JdbcTypeManagerTest" name="convertsJdbcDecimalCorrectly"/>
  <testcase time="0" classname="org.acmsl.queryj.metadata.engines.JdbcTypeManagerTest" name="get_class_for_short_works"/>
  <testcase time="0" classname="org.acmsl.queryj.metadata.engines.JdbcTypeManagerTest" name="convertsJdbcArrayCorrectly"/>
  <testcase time="0" classname="org.acmsl.queryj.metadata.engines.JdbcTypeManagerTest" name="convertsJdbcBigIntCorrectly"/>
  <testcase time="0" classname="org.acmsl.queryj.metadata.engines.JdbcTypeManagerTest" name="preparedStatementSetterWorksForLongvarchar"/>
  <testcase time="0" classname="org.acmsl.queryj.metadata.engines.JdbcTypeManagerTest" name="to_primitive_works_for_longs"/>
  <testcase time="0" classname="org.acmsl.queryj.metadata.engines.JdbcTypeManagerTest" name="get_class_for_long_works"/>
  <testcase time="0" classname="org.acmsl.queryj.metadata.engines.JdbcTypeManagerTest" name="convertsJdbcBlobCorrectly"/>
  <testcase time="0" classname="org.acmsl.queryj.metadata.engines.JdbcTypeManagerTest" name="convertsJdbcLongnvarcharCorrectly"/>
  <testcase time="0" classname="org.acmsl.queryj.metadata.engines.JdbcTypeManagerTest" name="varchar_can_be_used_for_nvarchar_columns"/>
  <testcase time="0" classname="org.acmsl.queryj.metadata.engines.JdbcTypeManagerTest" name="preparedStatementSetterWorksForLongnvarbinary"/>
  <testcase time="0" classname="org.acmsl.queryj.metadata.engines.JdbcTypeManagerTest" name="convertsJdbcJavaObjectCorrectly"/>
  <testcase time="0" classname="org.acmsl.queryj.metadata.engines.JdbcTypeManagerTest" name="get_class_for_boolean_works"/>
  <testcase time="0" classname="org.acmsl.queryj.metadata.engines.JdbcTypeManagerTest" name="convertsJdbcNvarcharCorrectly"/>
  <testcase time="0.001" classname="org.acmsl.queryj.metadata.engines.JdbcTypeManagerTest" name="get_class_for_Object_works"/>
  <testcase time="0" classname="org.acmsl.queryj.metadata.engines.JdbcTypeManagerTest" name="correct_type_reference_for_Dates"/>
  <testcase time="0" classname="org.acmsl.queryj.metadata.engines.JdbcTypeManagerTest" name="correct_type_reference_for_longs"/>
  <testcase time="0" classname="org.acmsl.queryj.metadata.engines.JdbcTypeManagerTest" name="convertsJdbcRealCorrectly"/>
  <testcase time="0" classname="org.acmsl.queryj.metadata.engines.JdbcTypeManagerTest" name="preparedStatementSetterWorksForLongnvarchar"/>
  <testcase time="0.001" classname="org.acmsl.queryj.metadata.engines.JdbcTypeManagerTest" name="preparedStatementSetterWorksForNvarchar"/>
  <testcase time="0" classname="org.acmsl.queryj.metadata.engines.JdbcTypeManagerTest" name="longnvarchar_can_be_used_for_char_columns"/>
  <testcase time="0" classname="org.acmsl.queryj.metadata.engines.JdbcTypeManagerTest" name="convertsJdbcTimestampCorrectly"/>
  <testcase time="0" classname="org.acmsl.queryj.metadata.engines.JdbcTypeManagerTest" name="convertsJdbcTinyintCorrectly"/>
  <testcase time="0.001" classname="org.acmsl.queryj.metadata.engines.JdbcTypeManagerTest" name="get_class_for_Timestamp_works"/>
  <testcase time="0.001" classname="org.acmsl.queryj.metadata.engines.JdbcTypeManagerTest" name="get_class_for_RowId_works"/>
  <testcase time="0.001" classname="org.acmsl.queryj.metadata.engines.JdbcTypeManagerTest" name="get_class_for_BigInteger_works"/>
  <testcase time="0" classname="org.acmsl.queryj.metadata.engines.JdbcTypeManagerTest" name="convertsJdbcLongvarcharCorrectly"/>
  <testcase time="0.001" classname="org.acmsl.queryj.metadata.engines.JdbcTypeManagerTest" name="convertsJdbcRefCorrectly"/>
  <testcase time="0" classname="org.acmsl.queryj.metadata.engines.JdbcTypeManagerTest" name="setBytesInPreparedStatementViaReflectionWorks"/>
  <testcase time="0" classname="org.acmsl.queryj.metadata.engines.JdbcTypeManagerTest" name="decimal_can_be_used_for_numeric_columns"/>
  <testcase time="0" classname="org.acmsl.queryj.metadata.engines.JdbcTypeManagerTest" name="preparedStatementSetterWorksForBoolean"/>
  <testcase time="0.001" classname="org.acmsl.queryj.metadata.engines.JdbcTypeManagerTest" name="get_class_for_Boolean_works"/>
  <testcase time="0" classname="org.acmsl.queryj.metadata.engines.JdbcTypeManagerTest" name="preparedStatementSetterWorksForVarchar"/>
  <testcase time="0" classname="org.acmsl.queryj.metadata.engines.JdbcTypeManagerTest" name="convertsJdbcNullCorrectly"/>
  <testcase time="0" classname="org.acmsl.queryj.metadata.engines.JdbcTypeManagerTest" name="get_class_for_byte_works"/>
  <testcase time="0.002" classname="org.acmsl.queryj.metadata.engines.JdbcTypeManagerTest" name="get_class_for_URL_works"/>
  <testcase time="0" classname="org.acmsl.queryj.metadata.engines.JdbcTypeManagerTest" name="preparedStatementSetterWorksForSmallint"/>
  <testcase time="0" classname="org.acmsl.queryj.metadata.engines.JdbcTypeManagerTest" name="convertsJdbcSmallintCorrectly"/>
  <testcase time="0" classname="org.acmsl.queryj.metadata.engines.JdbcTypeManagerTest" name="convertsJdbcDoubleCorrectly"/>
  <testcase time="0.001" classname="org.acmsl.queryj.metadata.engines.JdbcTypeManagerTest" name="get_class_for_Array_works"/>
  <testcase time="0.002" classname="org.acmsl.queryj.metadata.engines.JdbcTypeManagerTest" name="get_class_for_NUMBER_works"/>
  <testcase time="0" classname="org.acmsl.queryj.metadata.engines.JdbcTypeManagerTest" name="convertsJdbcDateCorrectly"/>
  <testcase time="0" classname="org.acmsl.queryj.metadata.engines.JdbcTypeManagerTest" name="convertsJdbcBinaryCorrectly"/>
  <testcase time="0" classname="org.acmsl.queryj.metadata.engines.JdbcTypeManagerTest" name="get_class_for_float_works"/>
  <testcase time="0.001" classname="org.acmsl.queryj.metadata.engines.JdbcTypeManagerTest" name="get_class_for_Short_works"/>
  <testcase time="0" classname="org.acmsl.queryj.metadata.engines.JdbcTypeManagerTest" name="convertsJdbcDistinctCorrectly"/>
  <testcase time="0" classname="org.acmsl.queryj.metadata.engines.JdbcTypeManagerTest" name="get_class_for_String_works"/>
  <testcase time="0" classname="org.acmsl.queryj.metadata.engines.JdbcTypeManagerTest" name="smallint_can_be_used_for_numeric_columns"/>
  <testcase time="0" classname="org.acmsl.queryj.metadata.engines.JdbcTypeManagerTest" name="convertsJdbcTimeCorrectly"/>
  <testcase time="0" classname="org.acmsl.queryj.metadata.engines.JdbcTypeManagerTest" name="convertsJdbcBitCorrectly"/>
  <testcase time="0" classname="org.acmsl.queryj.metadata.engines.JdbcTypeManagerTest" name="get_class_for_Byte_array_works"/>
  <testcase time="0.001" classname="org.acmsl.queryj.metadata.engines.JdbcTypeManagerTest" name="findOutClassWorks"/>
  <testcase time="0" classname="org.acmsl.queryj.metadata.engines.JdbcTypeManagerTest" name="bit_can_be_used_for_numeric_columns"/>
  <testcase time="0" classname="org.acmsl.queryj.metadata.engines.JdbcTypeManagerTest" name="double_can_be_used_for_numeric_columns"/>
</testsuite>